#
# An unexpected error has been detected by Java Runtime Environment:
#
#  EXCEPTION_ACCESS_VIOLATION (0xc0000005) at pc=0x78df36ac, pid=13904, tid=13956
#
# Java VM: Java HotSpot(TM) Client VM (1.6.0-b105 mixed mode)
# Problematic frame:
# V  [jvm.dll+0x236ac]
#
# If you would like to submit a bug report, please visit:
#   http://java.sun.com/webapps/bugreport/crash.jsp
#

---------------  T H R E A D  ---------------

Current thread (0x06041800):  JavaThread "CompilerThread0" daemon [_thread_in_native, id=13956]

siginfo: ExceptionCode=0xc0000005, writing address 0x0000002c

Registers:
EAX=0x0605bb50, EBX=0x00000000, ECX=0x00000000, EDX=0xffffffff
ESP=0x0a0ef778, EBP=0x0a0ef834, ESI=0x0606038c, EDI=0x0605baf0
EIP=0x78df36ac, EFLAGS=0x00010246

Top of Stack: (sp=0x0a0ef778)
0x0a0ef778:   78df6511 0605b1c0 00000000 0a0ef9f0
0x0a0ef788:   0a0ef834 0605b250 0605b450 0605baf0
0x0a0ef798:   78dfdf07 0605b250 0a0ef834 78dfdf0e
0x0a0ef7a8:   0a0ef9f0 0605b250 0605b288 00000000
0x0a0ef7b8:   ffffffff ffffffff 060503a0 78e29e67
0x0a0ef7c8:   06041800 060503a0 0605b2a0 00000000
0x0a0ef7d8:   0605b2a8 1801a418 0a0ef9f0 0605b250
0x0a0ef7e8:   00000006 0605b310 00000010 0605b350 

Instructions: (pc=0x78df36ac)
0x78df369c:   89 48 28 8b 4c 24 08 89 50 21 c7 00 b0 ad f9 78
0x78df36ac:   89 49 2c c2 08 00 cc cc cc cc cc cc cc cc cc cc 


Stack: [0x098f0000,0x0a0f0000),  sp=0x0a0ef778,  free space=8189k
Native frames: (J=compiled Java code, j=interpreted, Vv=VM code, C=native code)
V  [jvm.dll+0x236ac]


Current CompileTask:
C1:  1      java.lang.String.hashCode()I (60 bytes)


---------------  P R O C E S S  ---------------

Java Threads: ( => current thread )
  0x06047800 JavaThread "Low Memory Detector" daemon [_thread_blocked, id=13960]
=>0x06041800 JavaThread "CompilerThread0" daemon [_thread_in_native, id=13956]
  0x06041000 JavaThread "Attach Listener" daemon [_thread_blocked, id=13952]
  0x06040c00 JavaThread "Signal Dispatcher" daemon [_thread_blocked, id=13948]
  0x06029800 JavaThread "Finalizer" daemon [_thread_blocked, id=13944]
  0x0601d800 JavaThread "Reference Handler" daemon [_thread_blocked, id=13940]
  0x031be000 JavaThread "main" [_thread_in_native, id=13908]

Other Threads:
  0x0601a800 VMThread [id=13936]
  0x06060c00 WatcherThread [id=13964]

VM state:not at safepoint (normal execution)

VM Mutex/Monitor currently owned by a thread: None

Heap
 def new generation   total 14784K, used 1066K [0x10010000, 0x11010000, 0x12010000)
  eden space 13184K,   8% used [0x10010000, 0x1011a9a0, 0x10cf0000)
  from space 1600K,   0% used [0x10cf0000, 0x10cf0000, 0x10e80000)
  to   space 1600K,   0% used [0x10e80000, 0x10e80000, 0x11010000)
 tenured generation   total 49152K, used 0K [0x12010000, 0x15010000, 0x18010000)
   the space 49152K,   0% used [0x12010000, 0x12010000, 0x12010200, 0x15010000)
 compacting perm gen  total 32768K, used 1767K [0x18010000, 0x1a010000, 0x1c010000)
   the space 32768K,   5% used [0x18010000, 0x181c9ee8, 0x181ca000, 0x1a010000)
No shared spaces configured.

Dynamic libraries:
0x00400000 - 0x004eb000 	C:\Program Files\MATLAB\R2007b\bin\win32\MATLAB.exe
0x77d50000 - 0x77e8c000 	C:\Windows\SYSTEM32\ntdll.dll
0x76560000 - 0x76634000 	C:\Windows\system32\kernel32.dll
0x76110000 - 0x7615b000 	C:\Windows\system32\KERNELBASE.dll
0x7aca0000 - 0x7aeba000 	C:\Program Files\MATLAB\R2007b\bin\win32\libmwservices.dll
0x7aec0000 - 0x7af1d000 	C:\Program Files\MATLAB\R2007b\bin\win32\libmwmathutil.dll
0x7ac50000 - 0x7ac9f000 	C:\Program Files\MATLAB\R2007b\bin\win32\libmx.dll
0x7ab80000 - 0x7ac4e000 	C:\Program Files\MATLAB\R2007b\bin\win32\libut.dll
0x76940000 - 0x7696a000 	C:\Windows\system32\imagehlp.dll
0x76840000 - 0x768ec000 	C:\Windows\system32\msvcrt.dll
0x76ac0000 - 0x76b60000 	C:\Windows\system32\ADVAPI32.dll
0x76490000 - 0x764a9000 	C:\Windows\SYSTEM32\sechost.dll
0x761e0000 - 0x76281000 	C:\Windows\system32\RPCRT4.dll
0x763b0000 - 0x763b5000 	C:\Windows\system32\PSAPI.DLL
0x789a0000 - 0x78b62000 	C:\Program Files\MATLAB\R2007b\bin\win32\xerces-c_2_7.dll
0x7af20000 - 0x7aff7000 	C:\Program Files\MATLAB\R2007b\bin\win32\icuuc36.dll
0x7a770000 - 0x7a774000 	C:\Program Files\MATLAB\R2007b\bin\win32\icudt36.dll
0x72380000 - 0x7241b000 	C:\Windows\WinSxS\x86_microsoft.vc80.crt_1fc8b3b9a1e18e3b_8.0.50727.6195_none_d09154e044272b9a\MSVCR80.dll
0x76520000 - 0x76555000 	C:\Windows\system32\WS2_32.dll
0x76510000 - 0x76516000 	C:\Windows\system32\NSI.dll
0x7a9e0000 - 0x7aaa2000 	C:\Program Files\MATLAB\R2007b\bin\win32\icuin36.dll
0x7a780000 - 0x7a78c000 	C:\Program Files\MATLAB\R2007b\bin\win32\icuio36.dll
0x722f0000 - 0x72377000 	C:\Windows\WinSxS\x86_microsoft.vc80.crt_1fc8b3b9a1e18e3b_8.0.50727.6195_none_d09154e044272b9a\MSVCP80.dll
0x76d20000 - 0x76de9000 	C:\Windows\system32\USER32.dll
0x77e90000 - 0x77ede000 	C:\Windows\system32\GDI32.dll
0x77ee0000 - 0x77eea000 	C:\Windows\system32\LPK.dll
0x763f0000 - 0x7648e000 	C:\Windows\system32\USP10.dll
0x78620000 - 0x78632000 	C:\Program Files\MATLAB\R2007b\bin\win32\zlib1.dll
0x79120000 - 0x79154000 	C:\Program Files\MATLAB\R2007b\bin\win32\mpath.dll
0x6dd30000 - 0x6ddb4000 	C:\Windows\WinSxS\x86_microsoft.windows.common-controls_6595b64144ccf1df_5.82.7600.16661_none_ebfb56996c72aefc\COMCTL32.dll
0x76a40000 - 0x76abb000 	C:\Windows\system32\comdlg32.dll
0x767e0000 - 0x76837000 	C:\Windows\system32\SHLWAPI.dll
0x77100000 - 0x77d49000 	C:\Windows\system32\SHELL32.dll
0x744e0000 - 0x744f1000 	C:\Windows\system32\NETAPI32.dll
0x743a0000 - 0x743a9000 	C:\Windows\system32\netutils.dll
0x75b80000 - 0x75b99000 	C:\Windows\system32\srvcli.dll
0x74380000 - 0x7438f000 	C:\Windows\system32\wkscli.dll
0x796e0000 - 0x79713000 	C:\Program Files\MATLAB\R2007b\bin\win32\mcr.dll
0x78500000 - 0x78518000 	C:\Program Files\MATLAB\R2007b\bin\win32\bridge.dll
0x7a790000 - 0x7a79d000 	C:\Program Files\MATLAB\R2007b\bin\win32\iqm.dll
0x7a7b0000 - 0x7a7be000 	C:\Program Files\MATLAB\R2007b\bin\win32\libmex.dll
0x79550000 - 0x795a4000 	C:\Program Files\MATLAB\R2007b\bin\win32\m_dispatcher.dll
0x78520000 - 0x7853c000 	C:\Program Files\MATLAB\R2007b\bin\win32\datasvcs.dll
0x79c60000 - 0x7a0f2000 	C:\Program Files\MATLAB\R2007b\bin\win32\m_interpreter.dll
0x78540000 - 0x78560000 	C:\Program Files\MATLAB\R2007b\bin\win32\libmat.dll
0x7aab0000 - 0x7ab78000 	C:\Program Files\MATLAB\R2007b\bin\win32\libhdf5.dll
0x7a810000 - 0x7a819000 	C:\Program Files\MATLAB\R2007b\bin\win32\libmwmathrng.dll
0x790e0000 - 0x79111000 	C:\Program Files\MATLAB\R2007b\bin\win32\m_ir.dll
0x79790000 - 0x79c58000 	C:\Program Files\MATLAB\R2007b\bin\win32\m_parser.dll
0x7a7a0000 - 0x7a7ac000 	C:\Program Files\MATLAB\R2007b\bin\win32\ir_xfmr.dll
0x782e0000 - 0x783df000 	C:\Program Files\MATLAB\R2007b\bin\win32\mcos.dll
0x7a840000 - 0x7a84a000 	C:\Program Files\MATLAB\R2007b\bin\win32\mtok.dll
0x78580000 - 0x78595000 	C:\Program Files\MATLAB\R2007b\bin\win32\m_pcodegen.dll
0x785a0000 - 0x785b2000 	C:\Program Files\MATLAB\R2007b\bin\win32\m_pcodeio.dll
0x79460000 - 0x794a7000 	C:\Program Files\MATLAB\R2007b\bin\win32\profiler.dll
0x7a760000 - 0x7a76d000 	C:\Program Files\MATLAB\R2007b\bin\win32\boost_thread-vc80-mt-1_33_1.dll
0x7a640000 - 0x7a6c8000 	C:\Program Files\MATLAB\R2007b\bin\win32\udd.dll
0x79410000 - 0x79458000 	C:\Program Files\MATLAB\R2007b\bin\win32\comcli.dll
0x79020000 - 0x79055000 	C:\Program Files\MATLAB\R2007b\bin\win32\jmi.dll
0x6d610000 - 0x6d617000 	C:\Windows\system32\WSOCK32.dll
0x7a6d0000 - 0x7a75b000 	C:\Program Files\MATLAB\R2007b\bin\win32\uiw.dll
0x7b000000 - 0x7b0d6000 	C:\Program Files\MATLAB\R2007b\bin\win32\libmwgui.dll
0x78d40000 - 0x78d6a000 	C:\Program Files\MATLAB\R2007b\bin\win32\libmwhardcopy.dll
0x790a0000 - 0x790d2000 	C:\Program Files\MATLAB\R2007b\bin\win32\libuij.dll
0x7a880000 - 0x7a889000 	C:\Program Files\MATLAB\R2007b\bin\win32\uinone.dll
0x5d7b0000 - 0x5d8bf000 	C:\Windows\WinSxS\x86_microsoft.vc80.mfc_1fc8b3b9a1e18e3b_8.0.50727.6195_none_cbf5e994470a1a8f\MFC80.DLL
0x71e50000 - 0x71ea1000 	C:\Windows\system32\WINSPOOL.DRV
0x76fa0000 - 0x770fc000 	C:\Windows\system32\ole32.dll
0x76df0000 - 0x76e7f000 	C:\Windows\system32\OLEAUT32.dll
0x622b0000 - 0x622cb000 	C:\Windows\WinSxS\x86_microsoft.vc80.atl_1fc8b3b9a1e18e3b_8.0.50727.6195_none_d1cb102c435421de\ATL80.DLL
0x78680000 - 0x787e8000 	C:\Program Files\MATLAB\R2007b\bin\win32\hg.dll
0x787f0000 - 0x7899e000 	C:\Program Files\MATLAB\R2007b\bin\win32\numerics.dll
0x7a7c0000 - 0x7a7c7000 	C:\Program Files\MATLAB\R2007b\bin\win32\libmwamd.dll
0x794b0000 - 0x79508000 	C:\Program Files\MATLAB\R2007b\bin\win32\libmwcholmod.dll
0x7a7f0000 - 0x7a7f7000 	C:\Program Files\MATLAB\R2007b\bin\win32\libmwcolamd.dll
0x78560000 - 0x7857a000 	C:\Program Files\MATLAB\R2007b\bin\win32\libmwlapack.dll
0x7a7d0000 - 0x7a7dc000 	C:\Program Files\MATLAB\R2007b\bin\win32\libmwbinder.dll
0x7a7e0000 - 0x7a7e9000 	C:\Program Files\MATLAB\R2007b\bin\win32\libmwblas.dll
0x7a800000 - 0x7a807000 	C:\Program Files\MATLAB\R2007b\bin\win32\libmwcsparse.dll
0x78d70000 - 0x78d96000 	C:\Program Files\MATLAB\R2007b\bin\win32\libmwma57.dll
0x7a930000 - 0x7a9d9000 	C:\Program Files\MATLAB\R2007b\bin\win32\libifcoremd.dll
0x79160000 - 0x7940c000 	C:\Program Files\MATLAB\R2007b\bin\win32\libmmd.dll
0x79670000 - 0x796dc000 	C:\Program Files\MATLAB\R2007b\bin\win32\libmwumfpack.dll
0x7a5b0000 - 0x7a638000 	C:\Program Files\MATLAB\R2007b\bin\win32\libfftw3.dll
0x7a890000 - 0x7a92c000 	C:\Program Files\MATLAB\R2007b\bin\win32\libfftw3f.dll
0x7a830000 - 0x7a83b000 	C:\Program Files\MATLAB\R2007b\bin\win32\mlautoregister.dll
0x785c0000 - 0x785d2000 	C:\Program Files\MATLAB\R2007b\bin\win32\mwoles05.DLL
0x79720000 - 0x79785000 	C:\Program Files\MATLAB\R2007b\bin\win32\udd_mi.dll
0x763d0000 - 0x763ef000 	C:\Windows\system32\IMM32.DLL
0x76970000 - 0x76a3c000 	C:\Windows\system32\MSCTF.dll
0x62df0000 - 0x62dff000 	C:\Windows\WinSxS\x86_microsoft.vc80.mfcloc_1fc8b3b9a1e18e3b_8.0.50727.6195_none_03ce2c72205943d3\MFC80FRA.DLL
0x7a100000 - 0x7a5b0000 	C:\Program Files\MATLAB\R2007b\bin\win32\mllapack.dll
0x7b3f0000 - 0x7bcc7000 	C:\Program Files\MATLAB\R2007b\bin\win32\mkl.dll
0x79060000 - 0x79095000 	C:\Program Files\MATLAB\R2007b\bin\win32\libguide40.dll
0x7b0e0000 - 0x7b0e5000 	C:\Program Files\MATLAB\R2007b\bin\win32\mklcompat.dll
0x74e00000 - 0x74e40000 	C:\Windows\system32\uxtheme.dll
0x10000000 - 0x1000b000 	C:\Program Files\HSPA USB MODEM\Driver\InstallWindowHook.dll
0x75ee0000 - 0x75eeb000 	C:\Windows\system32\profapi.dll
0x75e60000 - 0x75e6c000 	C:\Windows\system32\CRYPTBASE.dll
0x74f80000 - 0x7511e000 	C:\Windows\WinSxS\x86_microsoft.windows.common-controls_6595b64144ccf1df_6.0.7600.16661_none_420fe3fa2b8113bd\comctl32.dll
0x76640000 - 0x767dd000 	C:\Windows\system32\SETUPAPI.dll
0x76160000 - 0x76187000 	C:\Windows\system32\CFGMGR32.dll
0x761c0000 - 0x761d2000 	C:\Windows\system32\DEVOBJ.dll
0x77ef0000 - 0x77f73000 	C:\Windows\system32\CLBCatQ.DLL
0x74e40000 - 0x74f35000 	C:\Windows\system32\propsys.dll
0x748b0000 - 0x748d1000 	C:\Windows\system32\ntmarta.dll
0x768f0000 - 0x76935000 	C:\Windows\system32\WLDAP32.dll
0x622a0000 - 0x622a3000 	C:\Windows\system32\icmp.Dll
0x74050000 - 0x7406c000 	C:\Windows\system32\iphlpapi.DLL
0x74080000 - 0x74087000 	C:\Windows\system32\WINNSI.DLL
0x78dd0000 - 0x79017000 	C:\Program Files\MATLAB\R2007b\sys\java\jre\win32\jre1.6.0\bin\client\jvm.dll
0x72240000 - 0x72272000 	C:\Windows\system32\WINMM.dll
0x795b0000 - 0x79606000 	C:\Program Files\MATLAB\R2007b\bin\win32\MSVCR71.dll
0x75e10000 - 0x75e5b000 	C:\Windows\system32\apphelp.dll
0x79510000 - 0x79518000 	C:\Program Files\MATLAB\R2007b\sys\java\jre\win32\jre1.6.0\bin\hpi.dll
0x79530000 - 0x7953c000 	C:\Program Files\MATLAB\R2007b\sys\java\jre\win32\jre1.6.0\bin\verify.dll
0x78640000 - 0x7865f000 	C:\Program Files\MATLAB\R2007b\sys\java\jre\win32\jre1.6.0\bin\java.dll
0x79540000 - 0x7954f000 	C:\Program Files\MATLAB\R2007b\sys\java\jre\win32\jre1.6.0\bin\zip.dll

VM Arguments:
jvm_args: -Xss512k -XX:PermSize=32M -Xms64m -XX:NewRatio=3 -XX:MaxPermSize=64M -Xmx128m -XX:MaxDirectMemorySize=1200000000 -Dsun.java2d.noddraw=true -Dsun.awt.nopixfmt=true -Xshare:off -Djava.library.path=C:\Program Files\MATLAB\R2007b\bin\win32 vfprintf abort
java_command: <unknown>
Launcher Type: generic

Environment Variables:
PATH=C:\Windows\system32;C:\Windows;C:\Windows\System32\Wbem;C:\Windows\System32\WindowsPowerShell\v1.0\;C:\Program Files\MATLAB\R2007b\bin;C:\Program Files\MATLAB\R2007b\bin\win32;c:\Program Files\Microsoft SQL Server\100\Tools\Binn\;c:\Program Files\Microsoft SQL Server\100\DTS\Binn\;C:\Program Files\MATLAB\MATLAB Component Runtime\v77\runtime\win32
USERNAME=hayya
OS=Windows_NT
PROCESSOR_IDENTIFIER=x86 Family 6 Model 37 Stepping 5, GenuineIntel



---------------  S Y S T E M  ---------------

OS: Windows NT 6.1 Build 7600 

CPU:total 2 family 6, cmov, cx8, fxsr, mmx, sse, sse2

Memory: 4k page, physical 1825540k(634248k free), swap 3651080k(1804568k free)

vm_info: Java HotSpot(TM) Client VM (1.6.0-b105) for windows-x86, built on Nov 29 2006 00:48:48 by "java_re" with unknown MS VC++:1310

